T5DB61780 000:002.426   SEGGER J-Link V7.96j Log File
T5DB61780 000:002.531   DLL Compiled: May 29 2024 15:42:37
T5DB61780 000:002.533   Logging started @ 2025-01-30 03:06
T5DB61780 000:002.536   Process: /home/fabiop/.eclipse/com.renesas.platform_239082869/DebugComp/RA/e2-server-gdb
T5DB61780 000:002.538 - 2.538ms
T5DB61780 000:002.542 JLINK_GetDLLVersion()
T5DB61780 000:002.544 - 0.003ms returns 79610
T5DB61780 000:003.737 JLINK_OpenEx(...)
T5DB61780 000:013.228   Firmware: J-Link OB-RA4M2 compiled May 28 2024 15:43:06
T5DB61780 000:013.621   Firmware: J-Link OB-RA4M2 compiled May 28 2024 15:43:06
T5DB61780 000:024.752   Hardware: V1.00
T5DB61780 000:024.760   S/N: 1084321246
T5DB61780 000:024.764   OEM: SEGGER
T5DB61780 000:024.767   Feature(s): None
T5DB61780 000:025.058   Bootloader: 2021 May 14
T5DB61780 000:025.325   USB speed mode: Full speed (12 MBit/s)
T5DB61780 000:025.582   TELNET listener socket opened on port 19021
T5DB61780 000:025.648   WEBSRV WEBSRV_Init(): Starting webserver thread(s)
T5DB61780 000:025.702   WEBSRV Webserver running on local port 19080
T5DB61780 000:025.714   Looking for J-Link GUI Server exe at: ARM/Segger_v7.96.10/JLinkGUIServerExe
T5DB61780 000:025.721   Looking for J-Link GUI Server exe at: /opt/SEGGER/JLink/JLinkGUIServerExe
T5DB61780 000:025.730   Forking J-Link GUI Server: /opt/SEGGER/JLink/JLinkGUIServerExe
T5DB61780 000:025.975   Communication error while waiting for welcome string from J-Link GUI server.
T5DB61780 000:025.991 - 22.248ms returns "O.K."
T5DB61780 000:026.014 JLINK_ExecCommand("ProjectFile="/media/fabiop/SSD_1T/Projects/e2studio/C64PSU/C64PSU Debug.jlink"", ...). 
T5DB61780 000:044.128 - 18.114ms returns 0x00
T5DB61780 000:044.244 JLINK_ExecCommand("device=R7FA0E107", ...). 
T5DB61780 000:045.987   Flash bank @ 0x00000000: SFL: Parsing sectorization info from ELF file
T5DB61780 000:045.995     FlashDevice.SectorInfo[0]: .SectorSize = 0x00000800, .SectorStartAddr = 0x00000000
T5DB61780 000:046.039   Flash bank @ 0x40100000: SFL: Parsing sectorization info from ELF file
T5DB61780 000:046.043     FlashDevice.SectorInfo[0]: .SectorSize = 0x00000100, .SectorStartAddr = 0x00000000
T5DB61780 000:046.047   FlashBank @0x40100000: Sectorization info from SFL ELF file ignored because sectorization override from DLL / XML file is active.
T5DB61780 000:046.055   Device "R7FA0E107" selected.
T5DB61780 000:046.151 - 1.902ms returns 0x00
T5DB61780 000:046.174 JLINK_ExecCommand("SetCPUConnectIDCODE = FFFFFFFFFFFFFFFFFFFFFFFFFFFFFFFF", ...). 
T5DB61780 000:046.180 - 0.002ms returns 0x00
T5DB61780 000:046.183 JLINK_TIF_GetAvailable(...)
T5DB61780 000:046.282 - 0.099ms
T5DB61780 000:046.285 JLINK_TIF_Select(JLINKARM_TIF_SWD)
T5DB61780 000:046.575 - 0.290ms returns 0x00
T5DB61780 000:046.581 JLINK_SetSpeed(4000)
T5DB61780 000:046.615 - 0.034ms
T5DB61780 000:046.618 JLINK_SetEndian(ARM_ENDIAN_LITTLE)
T5DB61780 000:046.621 - 0.003ms returns 0
T5DB61780 000:046.624 JLINK_SetInitRegsOnReset(OFF)
T5DB61780 000:046.627 - 0.003ms returns 1
T5DB61780 000:046.630 JLINK_SetResetType(JLINKARM_RESET_TYPE_NORMAL)
T5DB61780 000:046.633 - 0.003ms returns JLINKARM_RESET_TYPE_NORMAL
T5DB61780 000:046.636 JLINK_ExecCommand("EnableFlashBPs", ...). 
T5DB61780 000:046.640 - 0.001ms returns 0x00
T5DB61780 000:046.644 JLINK_ExecCommand("SetAllowFlashCache = 0", ...). 
T5DB61780 000:046.648 - 0.001ms returns 0x01
T5DB61780 000:046.651 JLINK_ExecCommand("SetRestartOnClose = 0", ...). 
T5DB61780 000:046.656 - 0.002ms returns 0x01
T5DB61780 000:046.659 JLINK_EnableSoftBPs(ON)
T5DB61780 000:046.661 - 0.003ms
T5DB61780 000:046.664 JLINK_Connect()
T5DB61780 000:046.807   InitTarget() start
T5DB61780 000:046.812    J-Link Script File: Executing InitTarget()
T5DB61780 000:046.819   Identifying target device...
T5DB61780 000:046.823   SWD selected. Executing JTAG -> SWD switching sequence...
T5DB61780 000:047.267   Initializing DAP...
T5DB61780 000:047.969   DAP initialized successfully.
T5DB61780 000:048.882   Low power mode detected. Waking device from low power mode.
T5DB61780 000:050.637   InitTarget() end - Took 3.82ms
T5DB61780 000:051.031   Found SW-DP with ID 0x5BA02477
T5DB61780 000:052.338   DPIDR: 0x5BA02477
T5DB61780 000:052.343   CoreSight SoC-400 or earlier
T5DB61780 000:052.348   Scanning AP map to find all available APs
T5DB61780 000:052.947   AP[2]: Stopped AP scan as end of AP map has been reached
T5DB61780 000:052.951   AP[0]: AHB-AP (IDR: 0x74770001)
T5DB61780 000:052.955   AP[1]: APB-AP (IDR: 0x44770002)
T5DB61780 000:052.958   Iterating through AP map to find AHB-AP to use
T5DB61780 000:053.582   AP[0]: Core found
T5DB61780 000:053.588   AP[0]: AHB-AP ROM base: 0x4001A000
T5DB61780 000:053.933   CPUID register: 0x411CD200. Implementer code: 0x41 (ARM)
T5DB61780 000:053.937   Feature set: Baseline
T5DB61780 000:054.225   Cache: No cache
T5DB61780 000:054.229   Found Cortex-M23 r1p0, Little endian.
T5DB61780 000:054.420   -- Max. mem block: 0x0001D7E8
T5DB61780 000:054.867   CPU_ReadMem(4 bytes @ 0xE000EDF0)
T5DB61780 000:055.205   CPU_WriteMem(4 bytes @ 0xE000EDF0)
T5DB61780 000:055.432   CPU_ReadMem(4 bytes @ 0xE0002000)
T5DB61780 000:055.657   FPUnit: 4 code (BP) slots and 0 literal slots
T5DB61780 000:055.661   CPU_ReadMem(4 bytes @ 0xE000EDFC)
T5DB61780 000:055.930   CPU_WriteMem(4 bytes @ 0xE000EDFC)
T5DB61780 000:056.157   CPU_ReadMem(4 bytes @ 0xE0001000)
T5DB61780 000:056.385   CPU_ReadMem(4 bytes @ 0xE0001000)
T5DB61780 000:056.617   CPU_ReadMem(4 bytes @ 0xE0001028)
T5DB61780 000:056.881   CPU_ReadMem(4 bytes @ 0xE0001038)
T5DB61780 000:057.134   CPU_WriteMem(4 bytes @ 0xE0001000)
T5DB61780 000:057.397   CPU_ReadMem(4 bytes @ 0xE000ED88)
T5DB61780 000:057.632   CPU_WriteMem(4 bytes @ 0xE000ED88)
T5DB61780 000:057.845   CPU_ReadMem(4 bytes @ 0xE000ED88)
T5DB61780 000:058.067   CPU_WriteMem(4 bytes @ 0xE000ED88)
T5DB61780 000:058.278   CPU_ReadMem(4 bytes @ 0xE000EFB8)
T5DB61780 000:058.517   Security extension: not implemented
T5DB61780 000:058.522   CoreSight components:
T5DB61780 000:058.525   ROMTbl[0] @ 4001A000
T5DB61780 000:058.529   CPU_ReadMem(64 bytes @ 0x4001A000)
T5DB61780 000:059.104   CPU_ReadMem(32 bytes @ 0xE000EFE0)
T5DB61780 000:059.478   CPU_ReadMem(4 bytes @ 0xE000EFBC)
T5DB61780 000:059.755   CPU_ReadMem(4 bytes @ 0xE000EFCC)
T5DB61780 000:059.966   [0][0]: E000E000 CID B105900D PID 000BBD20 DEVARCH 47702A04 DEVTYPE 00 Cortex-M23
T5DB61780 000:059.970   CPU_ReadMem(32 bytes @ 0xE0001FE0)
T5DB61780 000:060.346   CPU_ReadMem(4 bytes @ 0xE0001FBC)
T5DB61780 000:060.559   CPU_ReadMem(4 bytes @ 0xE0001FCC)
T5DB61780 000:060.781   [0][1]: E0001000 CID B105900D PID 000BBD20 DEVARCH 47701A02 DEVTYPE 00 DWT
T5DB61780 000:060.785   CPU_ReadMem(32 bytes @ 0xE0002FE0)
T5DB61780 000:061.162   CPU_ReadMem(4 bytes @ 0xE0002FBC)
T5DB61780 000:061.382   CPU_ReadMem(4 bytes @ 0xE0002FCC)
T5DB61780 000:061.590   [0][2]: E0002000 CID B105900D PID 000BBD20 DEVARCH 47701A03 DEVTYPE 00 FPB
T5DB61780 000:061.594   CPU_ReadMem(32 bytes @ 0x40019FE0)
T5DB61780 000:061.963   CPU_ReadMem(4 bytes @ 0x40019FBC)
T5DB61780 000:062.167   CPU_ReadMem(4 bytes @ 0x40019FCC)
T5DB61780 000:062.382   [0][3]: 40019000 CID B105900D PID 000BBD20 DEVARCH 47710A31 DEVTYPE 31 MTB
T5DB61780 000:062.410 - 15.746ms returns 0x00
T5DB61780 000:062.414 JLINK_Halt()
T5DB61780 000:064.905 - 2.491ms returns 0x00
T5DB61780 000:064.910 JLINK_IsHalted()
T5DB61780 000:064.914 - 0.003ms returns TRUE
T5DB61780 000:064.917 JLINK_ResetPullsRESET(ON)
T5DB61780 000:064.920 - 0.003ms
T5DB61780 000:064.923 JLINK_Reset()
T5DB61780 000:064.930   CPU_WriteMem(4 bytes @ 0xE000EDF0)
T5DB61780 000:065.142   CPU_ReadMem(4 bytes @ 0xE000ED44)
T5DB61780 000:065.352   CPU_WriteMem(4 bytes @ 0xE000EDFC)
T5DB61780 000:065.563   Reset: Halt core after reset via DEMCR.VC_CORERESET.
T5DB61780 000:065.829   Reset: Reset device via AIRCR.SYSRESETREQ.
T5DB61780 000:065.833   CPU_WriteMem(4 bytes @ 0xE000ED0C)
T5DB61780 000:118.154   CPU_ReadMem(4 bytes @ 0xE000EDF0)
T5DB61780 000:118.383   CPU_ReadMem(4 bytes @ 0xE000EDF0)
T5DB61780 000:118.590   CPU_WriteMem(4 bytes @ 0xE000EDFC)
T5DB61780 000:123.962   CPU_ReadMem(4 bytes @ 0xE000EDF0)
T5DB61780 000:126.570   CPU_ReadMem(4 bytes @ 0xE000EE08)
T5DB61780 000:126.778   CPU_WriteMem(4 bytes @ 0xE0002000)
T5DB61780 000:127.004   CPU_ReadMem(4 bytes @ 0xE000EDFC)
T5DB61780 000:127.215   CPU_ReadMem(4 bytes @ 0xE0001000)
T5DB61780 000:127.418   CPU_WriteMem(4 bytes @ 0xE0001000)
T5DB61780 000:127.641   CPU_ReadMem(4 bytes @ 0xE000EE08)
T5DB61780 000:127.852 - 62.929ms
T5DB61780 000:127.869 JLINK_ReadMem(0x01011080, 0x10 Bytes, ...)
T5DB61780 000:127.874   CPU_ReadMem(16 bytes @ 0x01011080)
T5DB61780 000:128.153   Data:  43 53 43 33 37 30 31 45 30 41 46 37 52 20 20 20
T5DB61780 000:128.157 - 0.289ms returns 0
T5DB61780 000:128.166 JLINK_IsHalted()
T5DB61780 000:128.169 - 0.003ms returns TRUE
T5DB61780 000:128.284 JLINK_MeasureCPUSpeed(RAMAddr = 0xFFFFFFFF)
T5DB61780 000:128.290   CPU_ReadMem(16 bytes @ 0x20004000)
T5DB61780 000:128.620   CPU_ReadMem(64 bytes @ 0x20004000)
T5DB61780 000:129.196    -- Updating C cache (64 bytes @ 0x20004000)
T5DB61780 000:129.201    -- Read from C cache (6 bytes @ 0x20004000)
T5DB61780 000:129.206   CPU_ReadMem(4 bytes @ 0x40019004)
T5DB61780 000:129.416   CPU_ReadMem(4 bytes @ 0xE000ED90)
T5DB61780 000:129.633   CPU_WriteMem(16 bytes @ 0x20004000)
T5DB61780 000:129.908   CPU_WriteMem(6 bytes @ 0x20004000)
T5DB61780 000:130.158   CPU_ReadMem(64 bytes @ 0x20004000)
T5DB61780 000:130.750    -- Updating C cache (64 bytes @ 0x20004000)
T5DB61780 000:130.756    -- Read from C cache (6 bytes @ 0x20004000)
T5DB61780 000:130.762   CPU_ReadMem(4 bytes @ 0xE000EE08)
T5DB61780 000:130.970   CPU_WriteMem(4 bytes @ 0xE0002008)
T5DB61780 000:130.974   CPU_WriteMem(4 bytes @ 0xE000200C)
T5DB61780 000:130.978   CPU_WriteMem(4 bytes @ 0xE0002010)
T5DB61780 000:130.982   CPU_WriteMem(4 bytes @ 0xE0002014)
T5DB61780 000:136.155   CPU_WriteMem(4 bytes @ 0xE0002008)
T5DB61780 000:136.384   CPU_WriteMem(4 bytes @ 0xE000200C)
T5DB61780 000:136.599   CPU_WriteMem(4 bytes @ 0xE0002010)
T5DB61780 000:136.809   CPU_WriteMem(4 bytes @ 0xE0002014)
T5DB61780 000:137.027   CPU_ReadMem(4 bytes @ 0xE000EE08)
T5DB61780 000:137.256   CPU_ReadMem(4 bytes @ 0xE000EE08)
T5DB61780 000:137.466   CPU_ReadMem(4 bytes @ 0xE000EE08)
T5DB61780 000:162.158   CPU_WriteMem(6 bytes @ 0x20004000)
T5DB61780 000:162.415   ClockFreq: 3997350 Hz
T5DB61780 000:162.421 - 34.137ms returns 3997350
T5DB61780 000:162.426 JLINK_ReadReg(XPSR)
T5DB61780 000:162.430   CPU_ReadMem(4 bytes @ 0xE000EE08)
T5DB61780 000:162.644 - 0.218ms returns 0x01000000
T4FE00640 000:167.317 JLINK_ReadReg(XPSR)
T4FE00640 000:167.327   CPU_ReadMem(4 bytes @ 0xE000EE08)
T4FE00640 000:167.544 - 0.226ms returns 0x01000000
T4FE00640 000:168.400 JLINK_ReadReg(XPSR)
T4FE00640 000:168.408   CPU_ReadMem(4 bytes @ 0xE000EE08)
T4FE00640 000:168.633 - 0.234ms returns 0x01000000
T4FE00640 000:183.206 JLINK_BeginDownload(Flags = 0x00000000)
T4FE00640 000:183.214 - 0.008ms
T4FE00640 000:185.039 JLINK_WriteMem(0x00000000, 0xBC0 Bytes, ...)
T4FE00640 000:185.047   Data:  68 51 00 20 95 02 00 00 AD 01 00 00 91 02 00 00 ...
T4FE00640 000:185.559   completely In flash
T4FE00640 000:185.566 - 0.527ms returns 0xBC0
T4FE00640 000:185.716 JLINK_WriteMem(0x00000BC0, 0xBA0 Bytes, ...)
T4FE00640 000:185.720   Data:  1A 80 70 BD 51 88 31 80 12 88 F9 E7 8C 40 00 20 ...
T4FE00640 000:185.733   completely In flash
T4FE00640 000:185.737 - 0.021ms returns 0xBA0
T4FE00640 000:185.841 JLINK_WriteMem(0x00001760, 0xBB0 Bytes, ...)
T4FE00640 000:185.845   Data:  1D E7 01 3B 33 70 72 E7 23 78 05 2B 0E D0 00 20 ...
T4FE00640 000:185.849   completely In flash
T4FE00640 000:185.853 - 0.012ms returns 0xBB0
T4FE00640 000:185.955 JLINK_WriteMem(0x00002310, 0xB90 Bytes, ...)
T4FE00640 000:185.958   Data:  C2 1A 98 42 DF D0 1B 1A A3 50 DC E7 5A 60 EF E7 ...
T4FE00640 000:185.969   completely In flash
T4FE00640 000:185.974 - 0.019ms returns 0xB90
T4FE00640 000:186.052 JLINK_WriteMem(0x00002EA0, 0x7D4 Bytes, ...)
T4FE00640 000:186.056   Data:  2F 10 28 34 FA 00 00 7B 00 00 08 14 2A 14 22 22 ...
T4FE00640 000:186.065   completely In flash
T4FE00640 000:186.069 - 0.017ms returns 0x7D4
T4FE00640 000:186.221 JLINK_WriteMem(0x00003674, 0x5C Bytes, ...)
T4FE00640 000:186.225   Data:  06 08 00 00 08 40 00 20 00 00 00 00 24 44 00 20 ...
T4FE00640 000:186.229   completely In flash
T4FE00640 000:186.233 - 0.012ms returns 0x5C
T4FE00640 000:186.410 JLINK_WriteMem(0x01010018, 0x1C Bytes, ...)
T4FE00640 000:186.416   Data:  FF FF FF FF FF FF FF FF FF FF FF FF FF FF FF FF ...
T4FE00640 000:187.020   CPU_ReadMem(4 bytes @ 0x40019004)
T4FE00640 000:187.257   CPU_ReadMem(4 bytes @ 0xE000ED90)
T4FE00640 000:187.470    -- --------------------------------------
T4FE00640 000:187.484    -- Start of determining flash info (Bank @ 0x00000000)
T4FE00640 000:187.495    -- End of determining flash info
T4FE00640 000:187.500    -- Start of determining dirty areas in flash cache
T4FE00640 000:187.506    -- Filling invalid ranges in sector buffer (flash cache) for sector @ 0x00000000 if necessary
T4FE00640 000:187.510    -- Filling invalid ranges in sector buffer (flash cache) for sector @ 0x00000800 if necessary
T4FE00640 000:187.515    -- Filling invalid ranges in sector buffer (flash cache) for sector @ 0x00001000 if necessary
T4FE00640 000:187.519    -- Filling invalid ranges in sector buffer (flash cache) for sector @ 0x00001800 if necessary
T4FE00640 000:187.523    -- Filling invalid ranges in sector buffer (flash cache) for sector @ 0x00002000 if necessary
T4FE00640 000:187.527    -- Filling invalid ranges in sector buffer (flash cache) for sector @ 0x00002800 if necessary
T4FE00640 000:187.531    -- Filling invalid ranges in sector buffer (flash cache) for sector @ 0x00003000 if necessary
T4FE00640 000:187.550    -- End of determining dirty areas
T4FE00640 000:187.554    -- Start of preparing flash programming
T4FE00640 000:187.558    -- Preparing RAMCode
T4FE00640 000:187.562    -- Calculating RAM usage
T4FE00640 000:187.566    -- RAM usage = 6840 Bytes
T4FE00640 000:187.572    -- Preserving CPU registers
T4FE00640 000:191.592    -- Preparing memory
T4FE00640 000:191.599    -- Determining CPU clock frequency
T4FE00640 000:225.155    -- CPU frequency = 3997 kHz
T4FE00640 000:225.164    -- Preparing target
T4FE00640 000:225.168    -- Preserving target RAM temporarily used for programming
T4FE00640 000:259.637    -- Downloading RAMCode
T4FE00640 000:281.168    -- Initializing RAMCode (InitType: 3 = Verify)
T4FE00640 000:281.174    -- Executing Init(3)
T4FE00640 000:294.114    -- End of preparing flash programming
T4FE00640 000:294.123   
  ***** Warning: 
T4FE00640 000:294.126   CPU is running at low speed (3997 kHz).
T4FE00640 000:294.130    -- CPU is running at 3997 kHz.
T4FE00640 000:294.136    -- Start of comparing flash
T4FE00640 000:294.143    -- CRC check was estimated as fastest method
T4FE00640 000:294.149    -- Comparing range 0x0000 - 0x37FF (7 Sectors, 14 KB), using single-block CRC calculation
T4FE00640 000:374.590    -- CRC does not match, checking individual sectors
T4FE00640 000:455.212    -- CRC does not match for sectors 0-6
T4FE00640 000:455.224    -- End of comparing flash
T4FE00640 000:455.228    -- Start of erasing sectors
T4FE00640 000:455.233    -- Erasing range 0x00000000 - 0x000037FF (  7 Sectors, 14 KB)
T4FE00640 000:455.238    -- Initializing RAMCode (InitType: 1 = Erase)
T4FE00640 000:455.242    -- Executing UnInit()
T4FE00640 000:464.902    -- Executing Init(1)
T4FE00640 000:508.086    -- End of erasing sectors
T4FE00640 000:508.093    -- Start of flash programming
T4FE00640 000:508.098    -- Programming range 0x00000000 - 0x00001FFF (  4 Sectors, 8 KB)
T4FE00640 000:508.103    -- Initializing RAMCode (InitType: 2 = Program)
T4FE00640 000:508.107    -- Executing UnInit()
T4FE00640 000:517.820    -- Executing Init(2)
T4FE00640 000:527.013    -- Program page timeout too high. Use default timeout: 10000 [s]
T4FE00640 000:527.023    -- Program page timeout too high. Use default timeout: 10000 [s]
T4FE00640 000:527.031    -- Program page timeout too high. Use default timeout: 10000 [s]
T4FE00640 000:577.042    -- Program page timeout too high. Use default timeout: 10000 [s]
T4FE00640 000:617.694    -- Programming range 0x00002000 - 0x000037FF (  3 Sectors, 6 KB)
T4FE00640 000:617.701    -- Program page timeout too high. Use default timeout: 10000 [s]
T4FE00640 000:658.416    -- Program page timeout too high. Use default timeout: 10000 [s]
T4FE00640 000:699.039    -- Program page timeout too high. Use default timeout: 10000 [s]
T4FE00640 000:739.563    -- End of flash programming
T4FE00640 000:739.570    -- 0x0000 - 0x37FF (  7 Sectors, 14 KB)
T4FE00640 000:739.574    -- Start of verifying flash
T4FE00640 000:739.578    -- Checksum calculation was estimated as fastest method
T4FE00640 000:739.582    -- Checksum is not supported by this flash bank. Switched to read back method.
T4FE00640 000:739.587    -- Initializing RAMCode (InitType: 3 = Verify)
T4FE00640 000:739.591    -- Executing UnInit()
T4FE00640 000:830.011    -- Executing Init(3)
T4FE00640 000:919.664    -- End of verifying flash
T4FE00640 000:919.673    -- Start of restoring
T4FE00640 000:919.677    -- Executing UnInit()
T4FE00640 000:929.266    -- Restoring target memory
T4FE00640 000:957.018    -- Restoring CPU registers
T4FE00640 000:957.266    -- End of restoring
T4FE00640 000:957.271    -- Bank 0 @ 0x00000000: 1 range affected (14336 bytes)
T4FE00640 000:957.276    -- Total: 0.769s (Prepare: 0.106s, Compare: 0.161s, Erase: 0.052s, Program: 0.312s, Verify: 0.098s, Restore: 0.037s)
T4FE00640 000:957.281    -- Program speed: 44 KB/s
T4FE00640 000:957.379   CPU_WriteMem(28 bytes @ 0x01010018)
T4FE00640 000:957.749 - 771.339ms returns 0x1C
T4FE00640 000:958.939 JLINK_EndDownload()
T4FE00640 000:958.948 - 0.009ms returns 0 (0x0)
T4FE00640 000:958.973 JLINK_WriteReg(R15 (PC), 0x00000294)
T4FE00640 000:958.978 - 0.005ms returns 0
T4FE00640 000:958.981 JLINK_WriteReg(XPSR, 0x01000000)
T4FE00640 000:958.984 - 0.003ms returns 0
T4FE00640 000:959.130 JLINK_SetEndian(ARM_ENDIAN_LITTLE)
T4FE00640 000:959.135 - 0.005ms returns 0
T4FE00640 000:961.385 JLINK_ReadReg(XPSR)
T4FE00640 000:961.395 - 0.010ms returns 0x01000000
T4FE00640 000:961.673 JLINK_ReadMem(0x00000294, 0x4 Bytes, ...)
T4FE00640 000:961.682   CPU_ReadMem(64 bytes @ 0x00000280)
T4FE00640 000:962.286    -- Updating C cache (64 bytes @ 0x00000280)
T4FE00640 000:962.291    -- Read from C cache (4 bytes @ 0x00000294)
T4FE00640 000:962.295   Data:  10 B5 01 F0
T4FE00640 000:962.299 - 0.626ms returns 0
T4FE00640 000:963.468 JLINK_ReadReg(XPSR)
T4FE00640 000:963.477 - 0.009ms returns 0x01000000
T4FE00640 000:963.592 JLINK_ReadMem(0x00000294, 0x4 Bytes, ...)
T4FE00640 000:963.597    -- Read from C cache (4 bytes @ 0x00000294)
T4FE00640 000:963.601   Data:  10 B5 01 F0
T4FE00640 000:963.605 - 0.013ms returns 0
T4FE00640 001:161.618 JLINK_GetNumBPUnits(Type = 0xFFFFFF00)
T4FE00640 001:161.625 - 0.008ms returns 0x04
T4FE00640 001:161.628 JLINK_GetNumWPUnits()
T4FE00640 001:161.631 - 0.003ms returns 2
T4FE00640 001:161.634 JLINK_GetNumWPUnits()
T4FE00640 001:161.636 - 0.002ms returns 2
T4FE00640 001:161.642 JLINK_GetNumBPUnits(Type = 0xFFFFFF00)
T4FE00640 001:161.644 - 0.003ms returns 0x04
T4FE00640 001:161.647 JLINK_GetNumWPUnits()
T4FE00640 001:161.649 - 0.002ms returns 2
T4FE00640 001:161.652 JLINK_GetNumWPUnits()
T4FE00640 001:161.655 - 0.003ms returns 2
T4FE00640 001:161.659 JLINK_GetNumBPUnits(Type = 0xFFFFFF00)
T4FE00640 001:161.662 - 0.003ms returns 0x04
T4FE00640 001:161.664 JLINK_GetNumWPUnits()
T4FE00640 001:161.667 - 0.003ms returns 2
T4FE00640 001:161.670 JLINK_GetNumWPUnits()
T4FE00640 001:161.672 - 0.002ms returns 2
T4FE00640 001:161.689 JLINK_SetBPEx(Addr = 0x00001874, Type = 0xFFFFFF00)
T4FE00640 001:161.692 - 0.004ms returns 0x00000001
T4FE00640 001:161.697 JLINK_ClrBPEx(BPHandle = 0x00000001)
T4FE00640 001:161.701 - 0.003ms returns 0x00
T4FE00640 001:162.468 JLINK_ReadMem(0x00001840, 0x40 Bytes, ...)
T4FE00640 001:162.477   CPU_ReadMem(64 bytes @ 0x00001840)
T4FE00640 001:163.059    -- Updating C cache (64 bytes @ 0x00001840)
T4FE00640 001:163.064    -- Read from C cache (64 bytes @ 0x00001840)
T4FE00640 001:163.068   Data:  1B 0A 0B 43 03 62 00 23 93 60 07 33 13 60 00 22 ...
T4FE00640 001:163.072 - 0.604ms returns 0
T4FE00640 001:163.171 JLINK_ReadMem(0x00001874, 0x2 Bytes, ...)
T4FE00640 001:163.175    -- Read from C cache (2 bytes @ 0x00001874)
T4FE00640 001:163.179   Data:  10 B5
T4FE00640 001:163.183 - 0.012ms returns 0
T4FE00640 001:163.267 JLINK_SetBPEx(Addr = 0x00001874, Type = 0xFFFFFF00)
T4FE00640 001:163.271 - 0.004ms returns 0x00000002
T4FE00640 001:164.961 JLINK_ReadRegs(NumRegs = 22, Indexes: 0, 1, 2, 3, 4, 5, 6, 7, 8, 9, 10, 11, 12, 13, 14, 15, 16, 17, 18, 86, 87, 20)
T4FE00640 001:164.982    -- R0=0x08, R1=0xAA2, R2=0x803, R3=0x06, R4=0x200042D8, R5=0x200042DC, R6=0xEE9F4B73, R7=0x6842A117, R8=0x4B852DDC, R9=0xCBC1149D, R10=0xF4411AAB, R11=0x700FA4BD, R12=0x1388, R13 (SP)=0x20005168, R14=0x1545, R15 (PC)=0x294, XPSR=0x1000000, MSP=0x20005168, PSP=0x65DFD488, MSPLIM=0x00, PSPLIM=0x00, CFBP=0x00
T4FE00640 001:164.986 - 0.026ms returns 0x00
T4FE00640 001:165.068 JLINK_ReadReg(XPSR)
T4FE00640 001:165.073 - 0.005ms returns 0x01000000
T4FE00640 001:165.319 JLINK_ReadMem(0x00000294, 0x4 Bytes, ...)
T4FE00640 001:165.326    -- Read from C cache (4 bytes @ 0x00000294)
T4FE00640 001:165.340   Data:  10 B5 01 F0
T4FE00640 001:165.344 - 0.025ms returns 0
T4F400640 001:175.006 JLINK_GetNumBPUnits(Type = 0xFFFFFF00)
T4F400640 001:175.024 - 0.019ms returns 0x04
T4F400640 001:175.027 JLINK_GetNumWPUnits()
T4F400640 001:175.030 - 0.002ms returns 2
T4F400640 001:175.032 JLINK_GetNumWPUnits()
T4F400640 001:175.035 - 0.003ms returns 2
T4F400640 001:175.125 JLINK_GetNumBPUnits(Type = 0xFFFFFF00)
T4F400640 001:175.129 - 0.004ms returns 0x04
T4F400640 001:175.131 JLINK_GetNumWPUnits()
T4F400640 001:175.134 - 0.003ms returns 2
T4F400640 001:175.137 JLINK_GetNumWPUnits()
T4F400640 001:175.139 - 0.002ms returns 2
T4F400640 001:175.252 JLINK_GetNumBPUnits(Type = 0xFFFFFF00)
T4F400640 001:175.256 - 0.004ms returns 0x04
T4F400640 001:175.259 JLINK_GetNumWPUnits()
T4F400640 001:175.261 - 0.002ms returns 2
T4F400640 001:175.264 JLINK_GetNumWPUnits()
T4F400640 001:175.267 - 0.003ms returns 2
T4F400640 001:175.359 JLINK_GetNumBPUnits(Type = 0xFFFFFF00)
T4F400640 001:175.365 - 0.006ms returns 0x04
T4F400640 001:175.368 JLINK_GetNumWPUnits()
T4F400640 001:175.370 - 0.002ms returns 2
T4F400640 001:175.373 JLINK_GetNumWPUnits()
T4F400640 001:175.376 - 0.003ms returns 2
T4F400640 001:175.463 JLINK_GetNumBPUnits(Type = 0xFFFFFF00)
T4F400640 001:175.467 - 0.003ms returns 0x04
T4F400640 001:175.469 JLINK_GetNumWPUnits()
T4F400640 001:175.472 - 0.003ms returns 2
T4F400640 001:175.475 JLINK_GetNumWPUnits()
T4F400640 001:175.477 - 0.002ms returns 2
T4F400640 001:175.592 JLINK_GetNumBPUnits(Type = 0xFFFFFF00)
T4F400640 001:175.596 - 0.004ms returns 0x04
T4F400640 001:175.599 JLINK_GetNumWPUnits()
T4F400640 001:175.601 - 0.002ms returns 2
T4F400640 001:175.604 JLINK_GetNumWPUnits()
T4F400640 001:175.607 - 0.002ms returns 2
T4F400640 001:175.724 JLINK_GetNumBPUnits(Type = 0xFFFFFF00)
T4F400640 001:175.727 - 0.003ms returns 0x04
T4F400640 001:175.730 JLINK_GetNumWPUnits()
T4F400640 001:175.733 - 0.003ms returns 2
T4F400640 001:175.735 JLINK_GetNumWPUnits()
T4F400640 001:175.738 - 0.003ms returns 2
T4F400640 001:175.864 JLINK_GetNumBPUnits(Type = 0xFFFFFF00)
T4F400640 001:175.867 - 0.003ms returns 0x04
T4F400640 001:175.870 JLINK_GetNumWPUnits()
T4F400640 001:175.873 - 0.003ms returns 2
T4F400640 001:175.875 JLINK_GetNumWPUnits()
T4F400640 001:175.878 - 0.003ms returns 2
T4FE00640 001:188.192 JLINK_ReadReg(XPSR)
T4FE00640 001:188.211 - 0.019ms returns 0x01000000
T4FE00640 001:309.654 JLINK_ReadMem(0x00000294, 0x4 Bytes, ...)
T4FE00640 001:309.666    -- Read from C cache (4 bytes @ 0x00000294)
T4FE00640 001:309.670   Data:  10 B5 01 F0
T4FE00640 001:309.674 - 0.020ms returns 0
T4FE00640 001:338.375 JLINK_ReadReg(XPSR)
T4FE00640 001:338.604 - 0.229ms returns 0x01000000
T4FE00640 001:338.819 JLINK_ReadMem(0x200042C8, 0x1 Bytes, ...)
T4FE00640 001:338.827   CPU_ReadMem(64 bytes @ 0x200042C0)
T4FE00640 001:339.398    -- Updating C cache (64 bytes @ 0x200042C0)
T4FE00640 001:339.405    -- Read from C cache (1 bytes @ 0x200042C8)
T4FE00640 001:339.409   Data:  02
T4FE00640 001:339.413 - 0.594ms returns 0
T4FE00640 001:339.620 JLINK_ReadMem(0x200042B4, 0x1 Bytes, ...)
T4FE00640 001:339.629   CPU_ReadMem(64 bytes @ 0x20004280)
T4FE00640 001:340.196    -- Updating C cache (64 bytes @ 0x20004280)
T4FE00640 001:340.201    -- Read from C cache (1 bytes @ 0x200042B4)
T4FE00640 001:340.204   Data:  02
T4FE00640 001:340.208 - 0.588ms returns 0
T4FE00640 001:340.389 JLINK_ReadMem(0x200042DC, 0x1 Bytes, ...)
T4FE00640 001:340.399    -- Read from C cache (1 bytes @ 0x200042DC)
T4FE00640 001:340.403   Data:  04
T4FE00640 001:340.407 - 0.018ms returns 0
T4FE00640 001:340.597 JLINK_ReadMem(0x200042E8, 0x4 Bytes, ...)
T4FE00640 001:340.604    -- Read from C cache (4 bytes @ 0x200042E8)
T4FE00640 001:340.608   Data:  C8 1A 00 00
T4FE00640 001:340.611 - 0.015ms returns 0
T4FE00640 001:340.804 JLINK_ReadMem(0x200042D0, 0x4 Bytes, ...)
T4FE00640 001:340.811    -- Read from C cache (4 bytes @ 0x200042D0)
T4FE00640 001:340.815   Data:  19 40 00 00
T4FE00640 001:340.819 - 0.016ms returns 0
T4FE00640 001:340.989 JLINK_ReadMem(0x200042CC, 0x4 Bytes, ...)
T4FE00640 001:340.996    -- Read from C cache (4 bytes @ 0x200042CC)
T4FE00640 001:341.000   Data:  33 00 00 00
T4FE00640 001:341.004 - 0.015ms returns 0
T4FE00640 001:341.168 JLINK_ReadMem(0x200042D6, 0x2 Bytes, ...)
T4FE00640 001:341.175    -- Read from C cache (2 bytes @ 0x200042D6)
T4FE00640 001:341.179   Data:  03 08
T4FE00640 001:341.183 - 0.015ms returns 0
T4FE00640 001:459.524 JLINK_ReadMem(0x200042C8, 0x1 Bytes, ...)
T4FE00640 001:459.534    -- Read from C cache (1 bytes @ 0x200042C8)
T4FE00640 001:459.538   Data:  02
T4FE00640 001:459.542 - 0.019ms returns 0
T4FE00640 001:459.717 JLINK_ReadMem(0x200042B4, 0x1 Bytes, ...)
T4FE00640 001:459.724    -- Read from C cache (1 bytes @ 0x200042B4)
T4FE00640 001:459.728   Data:  02
T4FE00640 001:459.732 - 0.015ms returns 0
T4FE00640 001:459.904 JLINK_ReadMem(0x200042DC, 0x1 Bytes, ...)
T4FE00640 001:459.911    -- Read from C cache (1 bytes @ 0x200042DC)
T4FE00640 001:459.914   Data:  04
T4FE00640 001:459.918 - 0.015ms returns 0
T4FE00640 001:460.088 JLINK_ReadMem(0x200042E8, 0x4 Bytes, ...)
T4FE00640 001:460.095    -- Read from C cache (4 bytes @ 0x200042E8)
T4FE00640 001:460.099   Data:  C8 1A 00 00
T4FE00640 001:460.103 - 0.015ms returns 0
T4FE00640 001:460.276 JLINK_ReadMem(0x200042D0, 0x4 Bytes, ...)
T4FE00640 001:460.283    -- Read from C cache (4 bytes @ 0x200042D0)
T4FE00640 001:460.287   Data:  19 40 00 00
T4FE00640 001:460.291 - 0.015ms returns 0
T4FE00640 001:460.473 JLINK_ReadMem(0x200042CC, 0x4 Bytes, ...)
T4FE00640 001:460.483    -- Read from C cache (4 bytes @ 0x200042CC)
T4FE00640 001:460.487   Data:  33 00 00 00
T4FE00640 001:460.491 - 0.017ms returns 0
T4FE00640 001:460.665 JLINK_ReadMem(0x200042D6, 0x2 Bytes, ...)
T4FE00640 001:460.671    -- Read from C cache (2 bytes @ 0x200042D6)
T4FE00640 001:460.675   Data:  03 08
T4FE00640 001:460.679 - 0.015ms returns 0
T4FE00640 005:715.750 JLINK_ReadReg(XPSR)
T4FE00640 005:716.007 - 0.259ms returns 0x01000000
T4FE00640 005:717.860 JLINK_ReadReg(XPSR)
T4FE00640 005:720.578 - 2.718ms returns 0x01000000
T4FE00640 005:729.577 JLINK_ReadReg(XPSR)
T4FE00640 005:729.588 - 0.012ms returns 0x01000000
T5DB61780 006:214.620 JLINK_ClrBPEx(BPHandle = 0x00000002)
T5DB61780 006:214.643 - 0.023ms returns 0x00
T5DB61780 006:214.648 JLINK_Halt()
T5DB61780 006:214.651 - 0.003ms returns 0x00
T5DB61780 006:214.657 JLINK_ReadReg(XPSR)
T5DB61780 006:214.666 - 0.010ms returns 0x01000000
T5DB61780 006:221.117 JLINK_Close()
T5DB61780 006:221.246   OnDisconnectTarget() start
T5DB61780 006:221.251    J-Link Script File: Executing OnDisconnectTarget()
T5DB61780 006:221.263   Restoring low power mode settings.
T5DB61780 006:222.138   OnDisconnectTarget() end - Took 886us
T5DB61780 006:227.735 - 6.618ms
T5DB61780 006:227.741   
T5DB61780 006:227.744   Closed
